<?xml version="1.0" encoding="UTF-8"?>
<!-- Generated by org.testng.reporters.JUnitReportReporter -->
<testsuite hostname="Nadsoft" failures="0" tests="1" name="TestCase" time="2.403" errors="0" timestamp="2023-05-16T15:10:16 EET" skipped="0">
  <testcase classname="TestCase" name="scroll" time="2.403"/>
  <system-out/>
</testsuite> <!-- TestCase -->
